[2022-12-09 15:02:53,734] WAYSIDE-MODULE (DEBUG): Creating Wayside Controller
[2022-12-09 15:02:53,759] WAYSIDE-MODULE (DEBUG): setting up red controllers
[2022-12-09 15:02:53,760] WAYSIDE-MODULE (DEBUG): setting up greenline controllers
[2022-12-09 15:02:53,761] WAYSIDE-MODULE (DEBUG): Plc has been loaded for controller 0
[2022-12-09 15:02:53,762] WAYSIDE-MODULE (DEBUG): Plc has been loaded for controller 1
[2022-12-09 15:02:53,762] WAYSIDE-MODULE (DEBUG): Plc has been loaded for controller 2
[2022-12-09 15:02:53,763] WAYSIDE-MODULE (DEBUG): Plc has been loaded for controller 3
[2022-12-09 15:02:53,770] WAYSIDE-MODULE (DEBUG): Plc has been loaded for controller 4
[2022-12-09 15:02:53,824] PyQt5.uic.uiparser (DEBUG): uiname is TrainModel
[2022-12-09 15:02:53,824] PyQt5.uic.uiparser (DEBUG): toplevel widget is TrainModel
[2022-12-09 15:02:53,824] PyQt5.uic.properties (DEBUG): setting property geometry
[2022-12-09 15:02:53,824] PyQt5.uic.properties (DEBUG): setting property windowTitle
[2022-12-09 15:02:53,824] PyQt5.uic.properties (DEBUG): setting property unifiedTitleAndToolBarOnMac
[2022-12-09 15:02:53,825] PyQt5.uic.uiparser (DEBUG): push TrainModel TrainModel
[2022-12-09 15:02:53,825] PyQt5.uic.uiparser (DEBUG): push QWidget centralwidget
[2022-12-09 15:02:53,825] PyQt5.uic.properties (DEBUG): setting property geometry
[2022-12-09 15:02:53,825] PyQt5.uic.properties (DEBUG): setting property palette
[2022-12-09 15:02:53,825] PyQt5.uic.properties (DEBUG): setting property font
[2022-12-09 15:02:53,825] PyQt5.uic.properties (DEBUG): setting property text
[2022-12-09 15:02:53,825] PyQt5.uic.uiparser (DEBUG): push QPushButton train_eng_fail
[2022-12-09 15:02:53,825] PyQt5.uic.uiparser (DEBUG): pop widget QPushButton train_eng_fail
[2022-12-09 15:02:53,825] PyQt5.uic.uiparser (DEBUG): new topwidget <PyQt5.QtWidgets.QWidget object at 0x7fe8412b2290>
[2022-12-09 15:02:53,825] PyQt5.uic.properties (DEBUG): setting property geometry
[2022-12-09 15:02:53,825] PyQt5.uic.properties (DEBUG): setting property font
[2022-12-09 15:02:53,825] PyQt5.uic.properties (DEBUG): setting property frameShape
[2022-12-09 15:02:53,825] PyQt5.uic.properties (DEBUG): setting property lineWidth
[2022-12-09 15:02:53,825] PyQt5.uic.properties (DEBUG): setting property text
[2022-12-09 15:02:53,826] PyQt5.uic.uiparser (DEBUG): push QLabel label
[2022-12-09 15:02:53,826] PyQt5.uic.uiparser (DEBUG): pop widget QLabel label
[2022-12-09 15:02:53,826] PyQt5.uic.uiparser (DEBUG): new topwidget <PyQt5.QtWidgets.QWidget object at 0x7fe8412b2290>
[2022-12-09 15:02:53,826] PyQt5.uic.properties (DEBUG): setting property geometry
[2022-12-09 15:02:53,826] PyQt5.uic.properties (DEBUG): setting property font
[2022-12-09 15:02:53,826] PyQt5.uic.properties (DEBUG): setting property text
[2022-12-09 15:02:53,826] PyQt5.uic.uiparser (DEBUG): push QLabel label_2
[2022-12-09 15:02:53,826] PyQt5.uic.uiparser (DEBUG): pop widget QLabel label_2
[2022-12-09 15:02:53,826] PyQt5.uic.uiparser (DEBUG): new topwidget <PyQt5.QtWidgets.QWidget object at 0x7fe8412b2290>
[2022-12-09 15:02:53,826] PyQt5.uic.properties (DEBUG): setting property geometry
[2022-12-09 15:02:53,826] PyQt5.uic.properties (DEBUG): setting property font
[2022-12-09 15:02:53,827] PyQt5.uic.properties (DEBUG): setting property text
[2022-12-09 15:02:53,827] PyQt5.uic.uiparser (DEBUG): push QLabel label_3
[2022-12-09 15:02:53,827] PyQt5.uic.uiparser (DEBUG): pop widget QLabel label_3
[2022-12-09 15:02:53,827] PyQt5.uic.uiparser (DEBUG): new topwidget <PyQt5.QtWidgets.QWidget object at 0x7fe8412b2290>
[2022-12-09 15:02:53,827] PyQt5.uic.properties (DEBUG): setting property geometry
[2022-12-09 15:02:53,827] PyQt5.uic.properties (DEBUG): setting property font
[2022-12-09 15:02:53,827] PyQt5.uic.properties (DEBUG): setting property text
[2022-12-09 15:02:53,827] PyQt5.uic.uiparser (DEBUG): push QLabel label_4
[2022-12-09 15:02:53,827] PyQt5.uic.uiparser (DEBUG): pop widget QLabel label_4
[2022-12-09 15:02:53,827] PyQt5.uic.uiparser (DEBUG): new topwidget <PyQt5.QtWidgets.QWidget object at 0x7fe8412b2290>
[2022-12-09 15:02:53,827] PyQt5.uic.properties (DEBUG): setting property geometry
[2022-12-09 15:02:53,827] PyQt5.uic.properties (DEBUG): setting property font
[2022-12-09 15:02:53,827] PyQt5.uic.properties (DEBUG): setting property text
[2022-12-09 15:02:53,827] PyQt5.uic.uiparser (DEBUG): push QLabel label_5
[2022-12-09 15:02:53,827] PyQt5.uic.uiparser (DEBUG): pop widget QLabel label_5
[2022-12-09 15:02:53,827] PyQt5.uic.uiparser (DEBUG): new topwidget <PyQt5.QtWidgets.QWidget object at 0x7fe8412b2290>
[2022-12-09 15:02:53,827] PyQt5.uic.properties (DEBUG): setting property geometry
[2022-12-09 15:02:53,827] PyQt5.uic.properties (DEBUG): setting property font
[2022-12-09 15:02:53,828] PyQt5.uic.properties (DEBUG): setting property text
[2022-12-09 15:02:53,828] PyQt5.uic.uiparser (DEBUG): push QLabel label_6
[2022-12-09 15:02:53,828] PyQt5.uic.uiparser (DEBUG): pop widget QLabel label_6
[2022-12-09 15:02:53,828] PyQt5.uic.uiparser (DEBUG): new topwidget <PyQt5.QtWidgets.QWidget object at 0x7fe8412b2290>
[2022-12-09 15:02:53,828] PyQt5.uic.properties (DEBUG): setting property geometry
[2022-12-09 15:02:53,828] PyQt5.uic.properties (DEBUG): setting property font
[2022-12-09 15:02:53,828] PyQt5.uic.properties (DEBUG): setting property text
[2022-12-09 15:02:53,828] PyQt5.uic.uiparser (DEBUG): push QLabel label_7
[2022-12-09 15:02:53,828] PyQt5.uic.uiparser (DEBUG): pop widget QLabel label_7
[2022-12-09 15:02:53,828] PyQt5.uic.uiparser (DEBUG): new topwidget <PyQt5.QtWidgets.QWidget object at 0x7fe8412b2290>
[2022-12-09 15:02:53,828] PyQt5.uic.properties (DEBUG): setting property geometry
[2022-12-09 15:02:53,828] PyQt5.uic.properties (DEBUG): setting property font
[2022-12-09 15:02:53,828] PyQt5.uic.properties (DEBUG): setting property text
[2022-12-09 15:02:53,828] PyQt5.uic.uiparser (DEBUG): push QPushButton brake_fail
[2022-12-09 15:02:53,828] PyQt5.uic.uiparser (DEBUG): pop widget QPushButton brake_fail
[2022-12-09 15:02:53,828] PyQt5.uic.uiparser (DEBUG): new topwidget <PyQt5.QtWidgets.QWidget object at 0x7fe8412b2290>
[2022-12-09 15:02:53,828] PyQt5.uic.properties (DEBUG): setting property geometry
[2022-12-09 15:02:53,828] PyQt5.uic.properties (DEBUG): setting property font
[2022-12-09 15:02:53,829] PyQt5.uic.properties (DEBUG): setting property text
[2022-12-09 15:02:53,829] PyQt5.uic.uiparser (DEBUG): push QLabel label_8
[2022-12-09 15:02:53,829] PyQt5.uic.uiparser (DEBUG): pop widget QLabel label_8
[2022-12-09 15:02:53,829] PyQt5.uic.uiparser (DEBUG): new topwidget <PyQt5.QtWidgets.QWidget object at 0x7fe8412b2290>
[2022-12-09 15:02:53,829] PyQt5.uic.properties (DEBUG): setting property geometry
[2022-12-09 15:02:53,829] PyQt5.uic.properties (DEBUG): setting property font
[2022-12-09 15:02:53,829] PyQt5.uic.properties (DEBUG): setting property text
[2022-12-09 15:02:53,829] PyQt5.uic.uiparser (DEBUG): push QLabel label_9
[2022-12-09 15:02:53,829] PyQt5.uic.uiparser (DEBUG): pop widget QLabel label_9
[2022-12-09 15:02:53,829] PyQt5.uic.uiparser (DEBUG): new topwidget <PyQt5.QtWidgets.QWidget object at 0x7fe8412b2290>
[2022-12-09 15:02:53,829] PyQt5.uic.properties (DEBUG): setting property geometry
[2022-12-09 15:02:53,829] PyQt5.uic.properties (DEBUG): setting property font
[2022-12-09 15:02:53,829] PyQt5.uic.properties (DEBUG): setting property text
[2022-12-09 15:02:53,830] PyQt5.uic.uiparser (DEBUG): push QLabel label_10
[2022-12-09 15:02:53,830] PyQt5.uic.uiparser (DEBUG): pop widget QLabel label_10
[2022-12-09 15:02:53,830] PyQt5.uic.uiparser (DEBUG): new topwidget <PyQt5.QtWidgets.QWidget object at 0x7fe8412b2290>
[2022-12-09 15:02:53,830] PyQt5.uic.properties (DEBUG): setting property geometry
[2022-12-09 15:02:53,830] PyQt5.uic.properties (DEBUG): setting property font
[2022-12-09 15:02:53,830] PyQt5.uic.properties (DEBUG): setting property text
[2022-12-09 15:02:53,830] PyQt5.uic.uiparser (DEBUG): push QLabel label_11
[2022-12-09 15:02:53,830] PyQt5.uic.uiparser (DEBUG): pop widget QLabel label_11
[2022-12-09 15:02:53,830] PyQt5.uic.uiparser (DEBUG): new topwidget <PyQt5.QtWidgets.QWidget object at 0x7fe8412b2290>
[2022-12-09 15:02:53,830] PyQt5.uic.properties (DEBUG): setting property geometry
[2022-12-09 15:02:53,830] PyQt5.uic.properties (DEBUG): setting property font
[2022-12-09 15:02:53,830] PyQt5.uic.properties (DEBUG): setting property text
[2022-12-09 15:02:53,830] PyQt5.uic.uiparser (DEBUG): push QLabel label_12
[2022-12-09 15:02:53,830] PyQt5.uic.uiparser (DEBUG): pop widget QLabel label_12
[2022-12-09 15:02:53,831] PyQt5.uic.uiparser (DEBUG): new topwidget <PyQt5.QtWidgets.QWidget object at 0x7fe8412b2290>
[2022-12-09 15:02:53,831] PyQt5.uic.properties (DEBUG): setting property geometry
[2022-12-09 15:02:53,831] PyQt5.uic.properties (DEBUG): setting property font
[2022-12-09 15:02:53,831] PyQt5.uic.properties (DEBUG): setting property text
[2022-12-09 15:02:53,831] PyQt5.uic.uiparser (DEBUG): push QLabel label_13
[2022-12-09 15:02:53,831] PyQt5.uic.uiparser (DEBUG): pop widget QLabel label_13
[2022-12-09 15:02:53,831] PyQt5.uic.uiparser (DEBUG): new topwidget <PyQt5.QtWidgets.QWidget object at 0x7fe8412b2290>
[2022-12-09 15:02:53,831] PyQt5.uic.properties (DEBUG): setting property geometry
[2022-12-09 15:02:53,831] PyQt5.uic.properties (DEBUG): setting property font
[2022-12-09 15:02:53,831] PyQt5.uic.properties (DEBUG): setting property text
[2022-12-09 15:02:53,831] PyQt5.uic.uiparser (DEBUG): push QLabel label_14
[2022-12-09 15:02:53,831] PyQt5.uic.uiparser (DEBUG): pop widget QLabel label_14
[2022-12-09 15:02:53,831] PyQt5.uic.uiparser (DEBUG): new topwidget <PyQt5.QtWidgets.QWidget object at 0x7fe8412b2290>
[2022-12-09 15:02:53,831] PyQt5.uic.properties (DEBUG): setting property geometry
[2022-12-09 15:02:53,831] PyQt5.uic.properties (DEBUG): setting property font
[2022-12-09 15:02:53,832] PyQt5.uic.properties (DEBUG): setting property text
[2022-12-09 15:02:53,832] PyQt5.uic.uiparser (DEBUG): push QLabel label_15
[2022-12-09 15:02:53,832] PyQt5.uic.uiparser (DEBUG): pop widget QLabel label_15
[2022-12-09 15:02:53,832] PyQt5.uic.uiparser (DEBUG): new topwidget <PyQt5.QtWidgets.QWidget object at 0x7fe8412b2290>
[2022-12-09 15:02:53,832] PyQt5.uic.properties (DEBUG): setting property geometry
[2022-12-09 15:02:53,832] PyQt5.uic.properties (DEBUG): setting property font
[2022-12-09 15:02:53,832] PyQt5.uic.properties (DEBUG): setting property text
[2022-12-09 15:02:53,832] PyQt5.uic.uiparser (DEBUG): push QLabel label_16
[2022-12-09 15:02:53,832] PyQt5.uic.uiparser (DEBUG): pop widget QLabel label_16
[2022-12-09 15:02:53,832] PyQt5.uic.uiparser (DEBUG): new topwidget <PyQt5.QtWidgets.QWidget object at 0x7fe8412b2290>
[2022-12-09 15:02:53,832] PyQt5.uic.properties (DEBUG): setting property geometry
[2022-12-09 15:02:53,833] PyQt5.uic.properties (DEBUG): setting property font
[2022-12-09 15:02:53,833] PyQt5.uic.properties (DEBUG): setting property text
[2022-12-09 15:02:53,833] PyQt5.uic.uiparser (DEBUG): push QLabel label_17
[2022-12-09 15:02:53,833] PyQt5.uic.uiparser (DEBUG): pop widget QLabel label_17
[2022-12-09 15:02:53,833] PyQt5.uic.uiparser (DEBUG): new topwidget <PyQt5.QtWidgets.QWidget object at 0x7fe8412b2290>
[2022-12-09 15:02:53,833] PyQt5.uic.properties (DEBUG): setting property geometry
[2022-12-09 15:02:53,833] PyQt5.uic.properties (DEBUG): setting property font
[2022-12-09 15:02:53,833] PyQt5.uic.properties (DEBUG): setting property text
[2022-12-09 15:02:53,833] PyQt5.uic.uiparser (DEBUG): push QLabel label_18
[2022-12-09 15:02:53,833] PyQt5.uic.uiparser (DEBUG): pop widget QLabel label_18
[2022-12-09 15:02:53,833] PyQt5.uic.uiparser (DEBUG): new topwidget <PyQt5.QtWidgets.QWidget object at 0x7fe8412b2290>
[2022-12-09 15:02:53,833] PyQt5.uic.properties (DEBUG): setting property geometry
[2022-12-09 15:02:53,833] PyQt5.uic.properties (DEBUG): setting property palette
[2022-12-09 15:02:53,833] PyQt5.uic.properties (DEBUG): setting property font
[2022-12-09 15:02:53,834] PyQt5.uic.properties (DEBUG): setting property text
[2022-12-09 15:02:53,834] PyQt5.uic.uiparser (DEBUG): push QPushButton sig_fail
[2022-12-09 15:02:53,834] PyQt5.uic.uiparser (DEBUG): pop widget QPushButton sig_fail
[2022-12-09 15:02:53,834] PyQt5.uic.uiparser (DEBUG): new topwidget <PyQt5.QtWidgets.QWidget object at 0x7fe8412b2290>
[2022-12-09 15:02:53,834] PyQt5.uic.properties (DEBUG): setting property geometry
[2022-12-09 15:02:53,834] PyQt5.uic.properties (DEBUG): setting property font
[2022-12-09 15:02:53,834] PyQt5.uic.properties (DEBUG): setting property frameShape
[2022-12-09 15:02:53,834] PyQt5.uic.properties (DEBUG): setting property frameShadow
[2022-12-09 15:02:53,834] PyQt5.uic.properties (DEBUG): setting property lineWidth
[2022-12-09 15:02:53,834] PyQt5.uic.properties (DEBUG): setting property midLineWidth
[2022-12-09 15:02:53,834] PyQt5.uic.properties (DEBUG): setting property text
[2022-12-09 15:02:53,834] PyQt5.uic.uiparser (DEBUG): push QLabel int_lights_disp
[2022-12-09 15:02:53,834] PyQt5.uic.uiparser (DEBUG): pop widget QLabel int_lights_disp
[2022-12-09 15:02:53,835] PyQt5.uic.uiparser (DEBUG): new topwidget <PyQt5.QtWidgets.QWidget object at 0x7fe8412b2290>
[2022-12-09 15:02:53,835] PyQt5.uic.properties (DEBUG): setting property geometry
[2022-12-09 15:02:53,835] PyQt5.uic.properties (DEBUG): setting property font
[2022-12-09 15:02:53,835] PyQt5.uic.properties (DEBUG): setting property frameShape
[2022-12-09 15:02:53,835] PyQt5.uic.properties (DEBUG): setting property frameShadow
[2022-12-09 15:02:53,835] PyQt5.uic.properties (DEBUG): setting property lineWidth
[2022-12-09 15:02:53,835] PyQt5.uic.properties (DEBUG): setting property midLineWidth
[2022-12-09 15:02:53,835] PyQt5.uic.properties (DEBUG): setting property text
[2022-12-09 15:02:53,835] PyQt5.uic.uiparser (DEBUG): push QLabel temp_disp
[2022-12-09 15:02:53,835] PyQt5.uic.uiparser (DEBUG): pop widget QLabel temp_disp
[2022-12-09 15:02:53,835] PyQt5.uic.uiparser (DEBUG): new topwidget <PyQt5.QtWidgets.QWidget object at 0x7fe8412b2290>
[2022-12-09 15:02:53,835] PyQt5.uic.properties (DEBUG): setting property geometry
[2022-12-09 15:02:53,835] PyQt5.uic.properties (DEBUG): setting property font
[2022-12-09 15:02:53,835] PyQt5.uic.properties (DEBUG): setting property frameShape
[2022-12-09 15:02:53,835] PyQt5.uic.properties (DEBUG): setting property frameShadow
[2022-12-09 15:02:53,835] PyQt5.uic.properties (DEBUG): setting property lineWidth
[2022-12-09 15:02:53,836] PyQt5.uic.properties (DEBUG): setting property midLineWidth
[2022-12-09 15:02:53,836] PyQt5.uic.properties (DEBUG): setting property text
[2022-12-09 15:02:53,836] PyQt5.uic.uiparser (DEBUG): push QLabel left_doors_disp
[2022-12-09 15:02:53,836] PyQt5.uic.uiparser (DEBUG): pop widget QLabel left_doors_disp
[2022-12-09 15:02:53,836] PyQt5.uic.uiparser (DEBUG): new topwidget <PyQt5.QtWidgets.QWidget object at 0x7fe8412b2290>
[2022-12-09 15:02:53,836] PyQt5.uic.properties (DEBUG): setting property geometry
[2022-12-09 15:02:53,836] PyQt5.uic.properties (DEBUG): setting property font
[2022-12-09 15:02:53,836] PyQt5.uic.properties (DEBUG): setting property frameShape
[2022-12-09 15:02:53,836] PyQt5.uic.properties (DEBUG): setting property frameShadow
[2022-12-09 15:02:53,836] PyQt5.uic.properties (DEBUG): setting property lineWidth
[2022-12-09 15:02:53,836] PyQt5.uic.properties (DEBUG): setting property midLineWidth
[2022-12-09 15:02:53,836] PyQt5.uic.properties (DEBUG): setting property text
[2022-12-09 15:02:53,837] PyQt5.uic.uiparser (DEBUG): push QLabel right_doors_disp
[2022-12-09 15:02:53,837] PyQt5.uic.uiparser (DEBUG): pop widget QLabel right_doors_disp
[2022-12-09 15:02:53,837] PyQt5.uic.uiparser (DEBUG): new topwidget <PyQt5.QtWidgets.QWidget object at 0x7fe8412b2290>
[2022-12-09 15:02:53,837] PyQt5.uic.properties (DEBUG): setting property geometry
[2022-12-09 15:02:53,837] PyQt5.uic.properties (DEBUG): setting property font
[2022-12-09 15:02:53,837] PyQt5.uic.properties (DEBUG): setting property frameShape
[2022-12-09 15:02:53,837] PyQt5.uic.properties (DEBUG): setting property frameShadow
[2022-12-09 15:02:53,837] PyQt5.uic.properties (DEBUG): setting property lineWidth
[2022-12-09 15:02:53,837] PyQt5.uic.properties (DEBUG): setting property midLineWidth
[2022-12-09 15:02:53,837] PyQt5.uic.properties (DEBUG): setting property text
[2022-12-09 15:02:53,837] PyQt5.uic.uiparser (DEBUG): push QLabel pass_disp
[2022-12-09 15:02:53,837] PyQt5.uic.uiparser (DEBUG): pop widget QLabel pass_disp
[2022-12-09 15:02:53,837] PyQt5.uic.uiparser (DEBUG): new topwidget <PyQt5.QtWidgets.QWidget object at 0x7fe8412b2290>
[2022-12-09 15:02:53,837] PyQt5.uic.properties (DEBUG): setting property geometry
[2022-12-09 15:02:53,837] PyQt5.uic.properties (DEBUG): setting property font
[2022-12-09 15:02:53,837] PyQt5.uic.properties (DEBUG): setting property frameShape
[2022-12-09 15:02:53,837] PyQt5.uic.properties (DEBUG): setting property frameShadow
[2022-12-09 15:02:53,837] PyQt5.uic.properties (DEBUG): setting property lineWidth
[2022-12-09 15:02:53,838] PyQt5.uic.properties (DEBUG): setting property midLineWidth
[2022-12-09 15:02:53,838] PyQt5.uic.properties (DEBUG): setting property text
[2022-12-09 15:02:53,838] PyQt5.uic.uiparser (DEBUG): push QLabel crew_disp
[2022-12-09 15:02:53,838] PyQt5.uic.uiparser (DEBUG): pop widget QLabel crew_disp
[2022-12-09 15:02:53,838] PyQt5.uic.uiparser (DEBUG): new topwidget <PyQt5.QtWidgets.QWidget object at 0x7fe8412b2290>
[2022-12-09 15:02:53,838] PyQt5.uic.properties (DEBUG): setting property geometry
[2022-12-09 15:02:53,838] PyQt5.uic.properties (DEBUG): setting property font
[2022-12-09 15:02:53,838] PyQt5.uic.properties (DEBUG): setting property frameShape
[2022-12-09 15:02:53,838] PyQt5.uic.properties (DEBUG): setting property frameShadow
[2022-12-09 15:02:53,838] PyQt5.uic.properties (DEBUG): setting property lineWidth
[2022-12-09 15:02:53,838] PyQt5.uic.properties (DEBUG): setting property midLineWidth
[2022-12-09 15:02:53,838] PyQt5.uic.properties (DEBUG): setting property text
[2022-12-09 15:02:53,838] PyQt5.uic.uiparser (DEBUG): push QLabel auth_disp
[2022-12-09 15:02:53,838] PyQt5.uic.uiparser (DEBUG): pop widget QLabel auth_disp
[2022-12-09 15:02:53,838] PyQt5.uic.uiparser (DEBUG): new topwidget <PyQt5.QtWidgets.QWidget object at 0x7fe8412b2290>
[2022-12-09 15:02:53,838] PyQt5.uic.properties (DEBUG): setting property geometry
[2022-12-09 15:02:53,838] PyQt5.uic.properties (DEBUG): setting property font
[2022-12-09 15:02:53,839] PyQt5.uic.properties (DEBUG): setting property frameShape
[2022-12-09 15:02:53,839] PyQt5.uic.properties (DEBUG): setting property frameShadow
[2022-12-09 15:02:53,839] PyQt5.uic.properties (DEBUG): setting property lineWidth
[2022-12-09 15:02:53,839] PyQt5.uic.properties (DEBUG): setting property midLineWidth
[2022-12-09 15:02:53,839] PyQt5.uic.properties (DEBUG): setting property text
[2022-12-09 15:02:53,839] PyQt5.uic.uiparser (DEBUG): push QLabel grade_disp
[2022-12-09 15:02:53,839] PyQt5.uic.uiparser (DEBUG): pop widget QLabel grade_disp
[2022-12-09 15:02:53,839] PyQt5.uic.uiparser (DEBUG): new topwidget <PyQt5.QtWidgets.QWidget object at 0x7fe8412b2290>
[2022-12-09 15:02:53,839] PyQt5.uic.properties (DEBUG): setting property geometry
[2022-12-09 15:02:53,839] PyQt5.uic.properties (DEBUG): setting property font
[2022-12-09 15:02:53,839] PyQt5.uic.properties (DEBUG): setting property frameShape
[2022-12-09 15:02:53,839] PyQt5.uic.properties (DEBUG): setting property frameShadow
[2022-12-09 15:02:53,839] PyQt5.uic.properties (DEBUG): setting property lineWidth
[2022-12-09 15:02:53,839] PyQt5.uic.properties (DEBUG): setting property midLineWidth
[2022-12-09 15:02:53,839] PyQt5.uic.properties (DEBUG): setting property text
[2022-12-09 15:02:53,839] PyQt5.uic.uiparser (DEBUG): push QLabel switch_disp
[2022-12-09 15:02:53,839] PyQt5.uic.uiparser (DEBUG): pop widget QLabel switch_disp
[2022-12-09 15:02:53,840] PyQt5.uic.uiparser (DEBUG): new topwidget <PyQt5.QtWidgets.QWidget object at 0x7fe8412b2290>
[2022-12-09 15:02:53,840] PyQt5.uic.properties (DEBUG): setting property geometry
[2022-12-09 15:02:53,840] PyQt5.uic.properties (DEBUG): setting property font
[2022-12-09 15:02:53,840] PyQt5.uic.properties (DEBUG): setting property frameShape
[2022-12-09 15:02:53,840] PyQt5.uic.properties (DEBUG): setting property frameShadow
[2022-12-09 15:02:53,840] PyQt5.uic.properties (DEBUG): setting property lineWidth
[2022-12-09 15:02:53,840] PyQt5.uic.properties (DEBUG): setting property midLineWidth
[2022-12-09 15:02:53,840] PyQt5.uic.properties (DEBUG): setting property text
[2022-12-09 15:02:53,840] PyQt5.uic.uiparser (DEBUG): push QLabel ext_lights_disp
[2022-12-09 15:02:53,840] PyQt5.uic.uiparser (DEBUG): pop widget QLabel ext_lights_disp
[2022-12-09 15:02:53,840] PyQt5.uic.uiparser (DEBUG): new topwidget <PyQt5.QtWidgets.QWidget object at 0x7fe8412b2290>
[2022-12-09 15:02:53,840] PyQt5.uic.properties (DEBUG): setting property geometry
[2022-12-09 15:02:53,840] PyQt5.uic.properties (DEBUG): setting property font
[2022-12-09 15:02:53,840] PyQt5.uic.properties (DEBUG): setting property frameShape
[2022-12-09 15:02:53,840] PyQt5.uic.properties (DEBUG): setting property frameShadow
[2022-12-09 15:02:53,840] PyQt5.uic.properties (DEBUG): setting property lineWidth
[2022-12-09 15:02:53,840] PyQt5.uic.properties (DEBUG): setting property midLineWidth
[2022-12-09 15:02:53,840] PyQt5.uic.properties (DEBUG): setting property text
[2022-12-09 15:02:53,841] PyQt5.uic.uiparser (DEBUG): push QLabel cmd_pwr_disp
[2022-12-09 15:02:53,841] PyQt5.uic.uiparser (DEBUG): pop widget QLabel cmd_pwr_disp
[2022-12-09 15:02:53,841] PyQt5.uic.uiparser (DEBUG): new topwidget <PyQt5.QtWidgets.QWidget object at 0x7fe8412b2290>
[2022-12-09 15:02:53,841] PyQt5.uic.properties (DEBUG): setting property geometry
[2022-12-09 15:02:53,841] PyQt5.uic.properties (DEBUG): setting property font
[2022-12-09 15:02:53,841] PyQt5.uic.properties (DEBUG): setting property frameShape
[2022-12-09 15:02:53,841] PyQt5.uic.properties (DEBUG): setting property frameShadow
[2022-12-09 15:02:53,841] PyQt5.uic.properties (DEBUG): setting property lineWidth
[2022-12-09 15:02:53,841] PyQt5.uic.properties (DEBUG): setting property midLineWidth
[2022-12-09 15:02:53,841] PyQt5.uic.properties (DEBUG): setting property text
[2022-12-09 15:02:53,841] PyQt5.uic.uiparser (DEBUG): push QLabel cmd_speed_disp
[2022-12-09 15:02:53,841] PyQt5.uic.uiparser (DEBUG): pop widget QLabel cmd_speed_disp
[2022-12-09 15:02:53,841] PyQt5.uic.uiparser (DEBUG): new topwidget <PyQt5.QtWidgets.QWidget object at 0x7fe8412b2290>
[2022-12-09 15:02:53,841] PyQt5.uic.properties (DEBUG): setting property geometry
[2022-12-09 15:02:53,841] PyQt5.uic.properties (DEBUG): setting property font
[2022-12-09 15:02:53,842] PyQt5.uic.properties (DEBUG): setting property frameShape
[2022-12-09 15:02:53,842] PyQt5.uic.properties (DEBUG): setting property frameShadow
[2022-12-09 15:02:53,842] PyQt5.uic.properties (DEBUG): setting property lineWidth
[2022-12-09 15:02:53,842] PyQt5.uic.properties (DEBUG): setting property midLineWidth
[2022-12-09 15:02:53,842] PyQt5.uic.properties (DEBUG): setting property text
[2022-12-09 15:02:53,842] PyQt5.uic.uiparser (DEBUG): push QLabel curr_speed_disp
[2022-12-09 15:02:53,842] PyQt5.uic.uiparser (DEBUG): pop widget QLabel curr_speed_disp
[2022-12-09 15:02:53,842] PyQt5.uic.uiparser (DEBUG): new topwidget <PyQt5.QtWidgets.QWidget object at 0x7fe8412b2290>
[2022-12-09 15:02:53,842] PyQt5.uic.properties (DEBUG): setting property geometry
[2022-12-09 15:02:53,842] PyQt5.uic.properties (DEBUG): setting property font
[2022-12-09 15:02:53,842] PyQt5.uic.properties (DEBUG): setting property frameShape
[2022-12-09 15:02:53,842] PyQt5.uic.properties (DEBUG): setting property frameShadow
[2022-12-09 15:02:53,842] PyQt5.uic.properties (DEBUG): setting property lineWidth
[2022-12-09 15:02:53,842] PyQt5.uic.properties (DEBUG): setting property midLineWidth
[2022-12-09 15:02:53,842] PyQt5.uic.properties (DEBUG): setting property text
[2022-12-09 15:02:53,843] PyQt5.uic.uiparser (DEBUG): push QLabel last_st_disp
[2022-12-09 15:02:53,843] PyQt5.uic.uiparser (DEBUG): pop widget QLabel last_st_disp
[2022-12-09 15:02:53,843] PyQt5.uic.uiparser (DEBUG): new topwidget <PyQt5.QtWidgets.QWidget object at 0x7fe8412b2290>
[2022-12-09 15:02:53,843] PyQt5.uic.properties (DEBUG): setting property geometry
[2022-12-09 15:02:53,843] PyQt5.uic.properties (DEBUG): setting property font
[2022-12-09 15:02:53,843] PyQt5.uic.properties (DEBUG): setting property frameShape
[2022-12-09 15:02:53,843] PyQt5.uic.properties (DEBUG): setting property frameShadow
[2022-12-09 15:02:53,843] PyQt5.uic.properties (DEBUG): setting property lineWidth
[2022-12-09 15:02:53,843] PyQt5.uic.properties (DEBUG): setting property midLineWidth
[2022-12-09 15:02:53,843] PyQt5.uic.properties (DEBUG): setting property text
[2022-12-09 15:02:53,843] PyQt5.uic.uiparser (DEBUG): push QLabel next_st_disp
[2022-12-09 15:02:53,843] PyQt5.uic.uiparser (DEBUG): pop widget QLabel next_st_disp
[2022-12-09 15:02:53,843] PyQt5.uic.uiparser (DEBUG): new topwidget <PyQt5.QtWidgets.QWidget object at 0x7fe8412b2290>
[2022-12-09 15:02:53,844] PyQt5.uic.properties (DEBUG): setting property geometry
[2022-12-09 15:02:53,844] PyQt5.uic.properties (DEBUG): setting property palette
[2022-12-09 15:02:53,844] PyQt5.uic.properties (DEBUG): setting property font
[2022-12-09 15:02:53,844] PyQt5.uic.properties (DEBUG): setting property text
[2022-12-09 15:02:53,844] PyQt5.uic.uiparser (DEBUG): push QPushButton test_win
[2022-12-09 15:02:53,844] PyQt5.uic.uiparser (DEBUG): pop widget QPushButton test_win
[2022-12-09 15:02:53,844] PyQt5.uic.uiparser (DEBUG): new topwidget <PyQt5.QtWidgets.QWidget object at 0x7fe8412b2290>
[2022-12-09 15:02:53,844] PyQt5.uic.properties (DEBUG): setting property geometry
[2022-12-09 15:02:53,844] PyQt5.uic.properties (DEBUG): setting property font
[2022-12-09 15:02:53,844] PyQt5.uic.properties (DEBUG): setting property text
[2022-12-09 15:02:53,844] PyQt5.uic.uiparser (DEBUG): push QLabel label_19
[2022-12-09 15:02:53,844] PyQt5.uic.uiparser (DEBUG): pop widget QLabel label_19
[2022-12-09 15:02:53,844] PyQt5.uic.uiparser (DEBUG): new topwidget <PyQt5.QtWidgets.QWidget object at 0x7fe8412b2290>
[2022-12-09 15:02:53,844] PyQt5.uic.properties (DEBUG): setting property geometry
[2022-12-09 15:02:53,844] PyQt5.uic.properties (DEBUG): setting property font
[2022-12-09 15:02:53,845] PyQt5.uic.properties (DEBUG): setting property frameShape
[2022-12-09 15:02:53,845] PyQt5.uic.properties (DEBUG): setting property frameShadow
[2022-12-09 15:02:53,845] PyQt5.uic.properties (DEBUG): setting property lineWidth
[2022-12-09 15:02:53,845] PyQt5.uic.properties (DEBUG): setting property midLineWidth
[2022-12-09 15:02:53,845] PyQt5.uic.properties (DEBUG): setting property text
[2022-12-09 15:02:53,845] PyQt5.uic.uiparser (DEBUG): push QLabel ebrake_disp
[2022-12-09 15:02:53,845] PyQt5.uic.uiparser (DEBUG): pop widget QLabel ebrake_disp
[2022-12-09 15:02:53,845] PyQt5.uic.uiparser (DEBUG): new topwidget <PyQt5.QtWidgets.QWidget object at 0x7fe8412b2290>
[2022-12-09 15:02:53,845] PyQt5.uic.properties (DEBUG): setting property geometry
[2022-12-09 15:02:53,845] PyQt5.uic.properties (DEBUG): setting property font
[2022-12-09 15:02:53,845] PyQt5.uic.properties (DEBUG): setting property text
[2022-12-09 15:02:53,845] PyQt5.uic.uiparser (DEBUG): push QLabel label_20
[2022-12-09 15:02:53,845] PyQt5.uic.uiparser (DEBUG): pop widget QLabel label_20
[2022-12-09 15:02:53,845] PyQt5.uic.uiparser (DEBUG): new topwidget <PyQt5.QtWidgets.QWidget object at 0x7fe8412b2290>
[2022-12-09 15:02:53,845] PyQt5.uic.properties (DEBUG): setting property geometry
[2022-12-09 15:02:53,845] PyQt5.uic.properties (DEBUG): setting property font
[2022-12-09 15:02:53,846] PyQt5.uic.properties (DEBUG): setting property frameShape
[2022-12-09 15:02:53,846] PyQt5.uic.properties (DEBUG): setting property frameShadow
[2022-12-09 15:02:53,846] PyQt5.uic.properties (DEBUG): setting property lineWidth
[2022-12-09 15:02:53,846] PyQt5.uic.properties (DEBUG): setting property midLineWidth
[2022-12-09 15:02:53,846] PyQt5.uic.properties (DEBUG): setting property text
[2022-12-09 15:02:53,846] PyQt5.uic.uiparser (DEBUG): push QLabel serv_brake_disp
[2022-12-09 15:02:53,846] PyQt5.uic.uiparser (DEBUG): pop widget QLabel serv_brake_disp
[2022-12-09 15:02:53,846] PyQt5.uic.uiparser (DEBUG): new topwidget <PyQt5.QtWidgets.QWidget object at 0x7fe8412b2290>
[2022-12-09 15:02:53,846] PyQt5.uic.uiparser (DEBUG): pop widget QWidget centralwidget
[2022-12-09 15:02:53,846] PyQt5.uic.uiparser (DEBUG): new topwidget <trainmodel_ui.TrainModel object at 0x7fe8412b2200>
[2022-12-09 15:02:53,847] PyQt5.uic.properties (DEBUG): setting property geometry
[2022-12-09 15:02:53,847] PyQt5.uic.uiparser (DEBUG): push QMenuBar menubar
[2022-12-09 15:02:53,847] PyQt5.uic.uiparser (DEBUG): pop widget QMenuBar menubar
[2022-12-09 15:02:53,847] PyQt5.uic.uiparser (DEBUG): new topwidget <trainmodel_ui.TrainModel object at 0x7fe8412b2200>
[2022-12-09 15:02:53,847] PyQt5.uic.uiparser (DEBUG): push QStatusBar statusbar
[2022-12-09 15:02:53,847] PyQt5.uic.uiparser (DEBUG): pop widget QStatusBar statusbar
[2022-12-09 15:02:53,847] PyQt5.uic.uiparser (DEBUG): new topwidget <trainmodel_ui.TrainModel object at 0x7fe8412b2200>
[2022-12-09 15:02:53,847] PyQt5.uic.uiparser (DEBUG): pop widget TrainModel TrainModel
[2022-12-09 15:02:53,847] PyQt5.uic.uiparser (DEBUG): new topwidget None
